#
# A fatal error has been detected by the Java Runtime Environment:
#
#  Internal Error (javaCalls.cpp:51), pid=10224, tid=0x00000000000038ec
#  guarantee(thread->is_Java_thread()) failed: crucial check - the VM thread cannot and must not escape to Java code
#
# JRE version: Java(TM) SE Runtime Environment (8.0_211-b12) (build 1.8.0_211-b12)
# Java VM: Java HotSpot(TM) 64-Bit Server VM (25.211-b12 mixed mode windows-amd64 compressed oops)
# Failed to write core dump. Minidumps are not enabled by default on client versions of Windows
#
# If you would like to submit a bug report, please visit:
#   http://bugreport.java.com/bugreport/crash.jsp
#

---------------  T H R E A D  ---------------

Current thread (0x000000001e182800):  VMThread [stack: 0x000000001f200000,0x000000001f300000] [id=14572]

Stack: [0x000000001f200000,0x000000001f300000]
[error occurred during error reporting (printing stack bounds), id 0xc0000005]

Native frames: (J=compiled Java code, j=interpreted, Vv=VM code, C=native code)

VM_Operation (0x000000001fc3f400): GetOrSetLocal, mode: safepoint, requested by thread 0x000000001e1bc800


---------------  P R O C E S S  ---------------

Java Threads: ( => current thread )
  0x000000001e32f800 JavaThread "Service Thread" daemon [_thread_blocked, id=9312, stack(0x0000000020240000,0x0000000020340000)]
  0x000000001e297000 JavaThread "C1 CompilerThread3" daemon [_thread_blocked, id=2340, stack(0x0000000020140000,0x0000000020240000)]
  0x000000001e294800 JavaThread "C2 CompilerThread2" daemon [_thread_blocked, id=14212, stack(0x0000000020040000,0x0000000020140000)]
  0x000000001e290800 JavaThread "C2 CompilerThread1" daemon [_thread_blocked, id=6536, stack(0x000000001ff40000,0x0000000020040000)]
  0x000000001e290000 JavaThread "C2 CompilerThread0" daemon [_thread_blocked, id=16864, stack(0x000000001fe40000,0x000000001ff40000)]
  0x000000001e1cd800 JavaThread "JDWP Command Reader" daemon [_thread_in_native, id=3496, stack(0x000000001fd40000,0x000000001fe40000)]
  0x000000001e1c6800 JavaThread "JDWP Event Helper Thread" daemon [_thread_blocked, id=10012, stack(0x000000001fc40000,0x000000001fd40000)]
  0x000000001e1bc800 JavaThread "JDWP Transport Listener: dt_socket" daemon [_thread_blocked, id=4052, stack(0x000000001fb40000,0x000000001fc40000)]
  0x000000001e1ae800 JavaThread "Attach Listener" daemon [_thread_blocked, id=16044, stack(0x000000001f700000,0x000000001f800000)]
  0x000000001e1ac000 JavaThread "Signal Dispatcher" daemon [_thread_blocked, id=7120, stack(0x000000001f600000,0x000000001f700000)]
  0x000000001e1a3000 JavaThread "Finalizer" daemon [_thread_blocked, id=6932, stack(0x000000001f400000,0x000000001f500000)]
  0x000000001cacd800 JavaThread "Reference Handler" daemon [_thread_blocked, id=700, stack(0x000000001f300000,0x000000001f400000)]
  0x00000000030e2800 JavaThread "main" [_thread_blocked, id=13692, stack(0x0000000002e70000,0x0000000002f70000)]

Other Threads:
=>0x000000001e182800 VMThread [stack: 0x000000001f200000,0x000000001f300000] [id=14572]
  0x000000001e40f000 WatcherThread [stack: 0x0000000020340000,0x0000000020440000] [id=10968]

VM state:at safepoint (normal execution)

VM Mutex/Monitor currently owned by a thread:  ([mutex/lock_event])
[0x0000000002e6daa0] Threads_lock - owner thread: 0x000000001e182800

heap address: 0x00000006c7200000, size: 3982 MB, Compressed Oops mode: Zero based, Oop shift amount: 3
Narrow klass base: 0x0000000000000000, Narrow klass shift: 3
Compressed class space size: 1073741824 Address: 0x00000007c0000000

Heap:
 PSYoungGen      total 74752K, used 7784K [0x000000076d100000, 0x0000000772400000, 0x00000007c0000000)
  eden space 64512K, 12% used [0x000000076d100000,0x000000076d89a070,0x0000000771000000)
  from space 10240K, 0% used [0x0000000771a00000,0x0000000771a00000,0x0000000772400000)
  to   space 10240K, 0% used [0x0000000771000000,0x0000000771000000,0x0000000771a00000)
 ParOldGen       total 171008K, used 0K [0x00000006c7200000, 0x00000006d1900000, 0x000000076d100000)
  object space 171008K, 0% used [0x00000006c7200000,0x00000006c7200000,0x00000006d1900000)
 Metaspace       used 4785K, capacity 4994K, committed 5248K, reserved 1056768K
  class space    used 513K, capacity 561K, committed 640K, reserved 1048576K

Card table byte_map: [0x00000000125a0000,0x0000000012d70000] byte_map_base: 0x000000000ef67000

Marking Bits: (ParMarkBitMap*) 0x0000000062b85ce0
 Begin Bits: [0x0000000013ca0000, 0x0000000017ad8000)
 End Bits:   [0x0000000017ad8000, 0x000000001b910000)

Polling page: 0x0000000000fd0000

CodeCache: size=245760Kb used=1483Kb max_used=1483Kb free=244276Kb
 bounds [0x00000000031e0000, 0x0000000003450000, 0x00000000121e0000]
 total_blobs=454 nmethods=169 adapters=206
 compilation: enabled

Compilation events (10 events):
Event: 97.195 Thread 0x000000001e297000  165       3       org.eclipse.jdt.launching.internal.org.objectweb.asm.ByteVector::put122 (93 bytes)
Event: 97.195 Thread 0x000000001e297000 nmethod 165 0x0000000003346690 code [0x0000000003346800, 0x0000000003346ae8]
Event: 97.195 Thread 0x000000001e297000  166       3       org.eclipse.jdt.launching.internal.org.objectweb.asm.Label::accept (65 bytes)
Event: 97.196 Thread 0x000000001e297000 nmethod 166 0x0000000003351c90 code [0x0000000003351e40, 0x00000000033523c8]
Event: 97.196 Thread 0x000000001e297000  168       3       org.eclipse.jdt.launching.internal.org.objectweb.asm.ClassReader::readLabel (20 bytes)
Event: 97.196 Thread 0x000000001e297000 nmethod 168 0x00000000033525d0 code [0x0000000003352760, 0x0000000003352b90]
Event: 97.196 Thread 0x000000001e297000  169       3       org.eclipse.jdt.launching.internal.org.objectweb.asm.ByteVector::put12 (64 bytes)
Event: 97.196 Thread 0x000000001e297000 nmethod 169 0x0000000003352dd0 code [0x0000000003352f40, 0x00000000033531c8]
Event: 97.196 Thread 0x000000001e297000  167       3       org.eclipse.jdt.launching.internal.org.objectweb.asm.MethodWriter::visitInsn (115 bytes)
Event: 97.196 Thread 0x000000001e297000 nmethod 167 0x0000000003353390 code [0x0000000003353540, 0x0000000003353a28]

GC Heap History (0 events):
No events

Deoptimization events (0 events):
No events

Classes redefined (2 events):
Event: 87.442 Thread 0x000000001e182800 redefined class name=kenken.SimpleBackTrack, count=1
Event: 97.196 Thread 0x000000001e182800 redefined class name=kenken.SimpleBackTrack, count=2

Internal exceptions (2 events):
Event: 0.025 Thread 0x00000000030e2800 Exception <a 'java/lang/NoSuchMethodError': Method sun.misc.Unsafe.defineClass(Ljava/lang/String;[BII)Ljava/lang/Class; name or signature does not match> (0x000000076d107cb0) thrown at [C:\re\workspace\8-2-build-windows-amd64-cygwin\jdk8u211\12973\hotspot
Event: 0.025 Thread 0x00000000030e2800 Exception <a 'java/lang/NoSuchMethodError': Method sun.misc.Unsafe.prefetchRead(Ljava/lang/Object;J)V name or signature does not match> (0x000000076d107f98) thrown at [C:\re\workspace\8-2-build-windows-amd64-cygwin\jdk8u211\12973\hotspot\src\share\vm\prim

Events (10 events):
Event: 97.210 Executing VM operation: GetCurrentContendedMonitor done
Event: 97.210 Executing VM operation: GetOwnedMonitorInfo
Event: 97.210 Executing VM operation: GetOwnedMonitorInfo done
Event: 97.210 Executing VM operation: GetCurrentContendedMonitor
Event: 97.210 Executing VM operation: GetCurrentContendedMonitor done
Event: 97.210 Executing VM operation: GetCurrentContendedMonitor
Event: 97.210 Executing VM operation: GetCurrentContendedMonitor done
Event: 97.210 Executing VM operation: GetOwnedMonitorInfo
Event: 97.210 Executing VM operation: GetOwnedMonitorInfo done
Event: 97.240 Executing VM operation: GetOrSetLocal


Dynamic libraries:
0x00007ff6de1a0000 - 0x00007ff6de1d7000 	C:\Program Files\Java\jre1.8.0_211\bin\javaw.exe
0x00007ff9f3960000 - 0x00007ff9f3b4d000 	C:\Windows\SYSTEM32\ntdll.dll
0x00007ff9f3480000 - 0x00007ff9f3533000 	C:\Windows\System32\KERNEL32.DLL
0x00007ff9f0160000 - 0x00007ff9f03f3000 	C:\Windows\System32\KERNELBASE.dll
0x00007ff9f1510000 - 0x00007ff9f15b3000 	C:\Windows\System32\ADVAPI32.dll
0x00007ff9f3760000 - 0x00007ff9f37fe000 	C:\Windows\System32\msvcrt.dll
0x00007ff9f15e0000 - 0x00007ff9f167e000 	C:\Windows\System32\sechost.dll
0x00007ff9f17f0000 - 0x00007ff9f1912000 	C:\Windows\System32\RPCRT4.dll
0x00007ff9f0c70000 - 0x00007ff9f0e07000 	C:\Windows\System32\USER32.dll
0x00007ff9f0140000 - 0x00007ff9f0160000 	C:\Windows\System32\win32u.dll
0x00007ff9f14e0000 - 0x00007ff9f1509000 	C:\Windows\System32\GDI32.dll
0x00007ff9eff40000 - 0x00007ff9f00d9000 	C:\Windows\System32\gdi32full.dll
0x00007ff9efe30000 - 0x00007ff9efed0000 	C:\Windows\System32\msvcp_win.dll
0x00007ff9efd30000 - 0x00007ff9efe2a000 	C:\Windows\System32\ucrtbase.dll
0x00007ff9dc110000 - 0x00007ff9dc389000 	C:\Windows\WinSxS\amd64_microsoft.windows.common-controls_6595b64144ccf1df_6.0.17763.737_none_05b6437c071e554b\COMCTL32.dll
0x00007ff9f11b0000 - 0x00007ff9f14dc000 	C:\Windows\System32\combase.dll
0x00007ff9efc00000 - 0x00007ff9efc7e000 	C:\Windows\System32\bcryptPrimitives.dll
0x00007ff9f0b80000 - 0x00007ff9f0bae000 	C:\Windows\System32\IMM32.DLL
0x0000000062fb0000 - 0x0000000063082000 	C:\Program Files\Java\jre1.8.0_211\bin\msvcr100.dll
0x0000000062360000 - 0x0000000062c05000 	C:\Program Files\Java\jre1.8.0_211\bin\server\jvm.dll
0x00007ff9f1e10000 - 0x00007ff9f1e18000 	C:\Windows\System32\PSAPI.DLL
0x00007ff9cade0000 - 0x00007ff9cade9000 	C:\Windows\SYSTEM32\WSOCK32.dll
0x00007ff9e8a60000 - 0x00007ff9e8a84000 	C:\Windows\SYSTEM32\WINMM.dll
0x00007ff9e6550000 - 0x00007ff9e655a000 	C:\Windows\SYSTEM32\VERSION.dll
0x00007ff9f1da0000 - 0x00007ff9f1e0d000 	C:\Windows\System32\WS2_32.dll
0x00007ff9e8a30000 - 0x00007ff9e8a5d000 	C:\Windows\SYSTEM32\WINMMBASE.dll
0x00007ff9efed0000 - 0x00007ff9eff1a000 	C:\Windows\System32\cfgmgr32.dll
0x00007ff9e9630000 - 0x00007ff9e963f000 	C:\Program Files\Java\jre1.8.0_211\bin\verify.dll
0x00007ff9cae50000 - 0x00007ff9cae79000 	C:\Program Files\Java\jre1.8.0_211\bin\java.dll
0x00007ff9dc030000 - 0x00007ff9dc065000 	C:\Program Files\Java\jre1.8.0_211\bin\jdwp.dll
0x00007ff9e96b0000 - 0x00007ff9e96b8000 	C:\Program Files\Java\jre1.8.0_211\bin\npt.dll
0x00007ff9c99f0000 - 0x00007ff9c9a13000 	C:\Program Files\Java\jre1.8.0_211\bin\instrument.dll
0x00007ff9e6730000 - 0x00007ff9e6746000 	C:\Program Files\Java\jre1.8.0_211\bin\zip.dll
0x00007ff9f1e80000 - 0x00007ff9f3372000 	C:\Windows\System32\SHELL32.dll
0x00007ff9f0fd0000 - 0x00007ff9f1078000 	C:\Windows\System32\shcore.dll
0x00007ff9f0400000 - 0x00007ff9f0b4a000 	C:\Windows\System32\windows.storage.dll
0x00007ff9ef9d0000 - 0x00007ff9ef9f4000 	C:\Windows\System32\profapi.dll
0x00007ff9ef970000 - 0x00007ff9ef9cd000 	C:\Windows\System32\powrprof.dll
0x00007ff9f0c10000 - 0x00007ff9f0c62000 	C:\Windows\System32\shlwapi.dll
0x00007ff9efa00000 - 0x00007ff9efa11000 	C:\Windows\System32\kernel.appcore.dll
0x00007ff9eff20000 - 0x00007ff9eff37000 	C:\Windows\System32\cryptsp.dll
0x00007ff9e9670000 - 0x00007ff9e9679000 	C:\Program Files\Java\jre1.8.0_211\bin\dt_socket.dll
0x00007ff9b37c0000 - 0x00007ff9b37d6000 	C:\Windows\system32\napinsp.dll
0x00007ff9b37a0000 - 0x00007ff9b37ba000 	C:\Windows\system32\pnrpnsp.dll
0x00007ff9ef1c0000 - 0x00007ff9ef227000 	C:\Windows\System32\mswsock.dll
0x00007ff9eef20000 - 0x00007ff9eefe6000 	C:\Windows\SYSTEM32\DNSAPI.dll
0x00007ff9f1680000 - 0x00007ff9f1688000 	C:\Windows\System32\NSI.dll
0x00007ff9eeee0000 - 0x00007ff9eef1d000 	C:\Windows\SYSTEM32\IPHLPAPI.DLL
0x00007ff9e83b0000 - 0x00007ff9e83be000 	C:\Windows\System32\winrnr.dll
0x00007ff9e9610000 - 0x00007ff9e962b000 	C:\Windows\system32\NLAapi.dll
0x00007ff9e6570000 - 0x00007ff9e6585000 	C:\Windows\system32\wshbth.dll
0x00007ff9de230000 - 0x00007ff9de2a9000 	C:\Windows\System32\fwpuclnt.dll
0x00007ff9f0b50000 - 0x00007ff9f0b76000 	C:\Windows\System32\bcrypt.dll
0x00007ff9dfc20000 - 0x00007ff9dfc2a000 	C:\Windows\System32\rasadhlp.dll

VM Arguments:
jvm_args: -agentlib:jdwp=transport=dt_socket,suspend=y,address=localhost:58372 -javaagent:C:\Users\jaze2\eclipse\java-2019-06\eclipse\configuration\org.eclipse.osgi\226\0\.cp\lib\javaagent-shaded.jar -Dfile.encoding=Cp1252 
java_command: kenken.ReadDataFile
java_class_path (initial): C:\Users\jaze2\git\KenKen\bin;C:\Users\jaze2\eclipse\java-2019-06\eclipse\configuration\org.eclipse.osgi\226\0\.cp\lib\javaagent-shaded.jar
Launcher Type: SUN_STANDARD

Environment Variables:
PATH=C:/Program Files/Java/jre1.8.0_211/bin/server;C:/Program Files/Java/jre1.8.0_211/bin;C:/Program Files/Java/jre1.8.0_211/lib/amd64;C:\Program Files (x86)\Common Files\Oracle\Java\javapath;C:\Windows\system32;C:\Windows;C:\Windows\System32\Wbem;C:\Windows\System32\WindowsPowerShell\v1.0\;C:\Windows\System32\OpenSSH\;C:\Program Files\Intel\WiFi\bin\;C:\Program Files\Common Files\Intel\WirelessCommon\;C:\Program Files (x86)\PharosSystems\Core;C:\Program Files\NVIDIA Corporation\NVIDIA NvDLISR;C:\Program Files\Git\cmd;C:\HashiCorp\Vagrant\bin;C:\Program Files (x86)\Common Files\Oracle\Java\javapath;C:\Windows\system32;C:\Windows;C:\Windows\System32\Wbem;C:\Windows\System32\WindowsPowerShell\v1.0\;C:\Windows\System32\OpenSSH\;C:\Program Files\Intel\WiFi\bin\;C:\Program Files\Common Files\Intel\WirelessCommon\;C:\Program Files (x86)\PharosSystems\Core;C:\Program Files\NVIDIA Corporation\NVIDIA NvDLISR;C:\Program Files\Git\cmd;C:\HashiCorp\Vagrant\bin;C:\Users\jaze2\AppData\Local\Microsoft\WindowsApps;C:\Users\jaze2\Anaconda3\Scripts;C:\Users\jaze2\Anaconda3;C:\Users\jaze2\AppData\Local\GitHubDesktop\bin;C:\Windows\system32;
USERNAME=jaze2
OS=Windows_NT
PROCESSOR_IDENTIFIER=Intel64 Family 6 Model 158 Stepping 10, GenuineIntel



---------------  S Y S T E M  ---------------

OS: Windows 10.0 , 64 bit Build 17763 (10.0.17763.475)

CPU:total 12 (initial active 12) (6 cores per cpu, 2 threads per core) family 6 model 158 stepping 10, cmov, cx8, fxsr, mmx, sse, sse2, sse3, ssse3, sse4.1, sse4.2, popcnt, avx, avx2, aes, clmul, erms, 3dnowpref, lzcnt, ht, tsc, tscinvbit, bmi1, bmi2, adx

Memory: 4k page, physical 16302732k(9826040k free), swap 18793100k(10199356k free)

vm_info: Java HotSpot(TM) 64-Bit Server VM (25.211-b12) for windows-amd64 JRE (1.8.0_211-b12), built on Apr  1 2019 20:53:26 by "java_re" with MS VC++ 10.0 (VS2010)

time: Wed Sep 18 21:20:39 2019
timezone: Haiti Daylight Time
elapsed time: 97 seconds (0d 0h 1m 37s)

